# JRE version: OpenJDK Runtime Environment Temurin-17.0.19+10 (17.0.19+10) (build 17.0.19+10)
# Java VM: OpenJDK 64-Bit Server VM Temurin-17.0.19+10 (17.0.19+10, mixed mode, emulated-client, sharing, tiered, compressed oops, compressed class ptrs, g1 gc, windows-amd64)
GC Precious Log:
 CPUs: 2 total, 2 available
 Memory: 3551M
 Large Page Support: Disabled
 NUMA Support: Disabled
 Compressed Oops: Enabled (32-bit)
 Heap Region Size: 1M
 Heap Min Capacity: 8M
 Heap Initial Capacity: 56M
 Heap Max Capacity: 888M
 Pre-touch: Disabled
 Parallel Workers: 2
 Concurrent Workers: 1
 Concurrent Refinement Workers: 2
 Periodic GC: Disabled
Heap:
 garbage-first heap   total 57344K, used 22562K [0x00000000c8800000, 0x0000000100000000)
  region size 1024K, 3 young (3072K), 3 survivors (3072K)
 Metaspace       used 35561K, committed 35968K, reserved 1114112K
  class space    used 5112K, committed 5312K, reserved 1048576K
GC Heap History (20 events):
Event: 2.936 GC heap before
{Heap before GC invocations=2 (full 0):
 garbage-first heap   total 57344K, used 11519K [0x00000000c8800000, 0x0000000100000000)
  region size 1024K, 7 young (7168K), 1 survivors (1024K)
 Metaspace       used 3128K, committed 3264K, reserved 1114112K
  class space    used 396K, committed 448K, reserved 1048576K
}
Event: 2.940 GC heap after
{Heap after GC invocations=3 (full 0):
 garbage-first heap   total 57344K, used 7363K [0x00000000c8800000, 0x0000000100000000)
  region size 1024K, 1 young (1024K), 1 survivors (1024K)
 Metaspace       used 3128K, committed 3264K, reserved 1114112K
  class space    used 396K, committed 448K, reserved 1048576K
}
Event: 5.321 GC heap before
{Heap before GC invocations=3 (full 0):
 garbage-first heap   total 57344K, used 18627K [0x00000000c8800000, 0x0000000100000000)
  region size 1024K, 13 young (13312K), 1 survivors (1024K)
 Metaspace       used 5475K, committed 5696K, reserved 1114112K
  class space    used 727K, committed 832K, reserved 1048576K
}
Event: 5.326 GC heap after
{Heap after GC invocations=4 (full 0):
 garbage-first heap   total 57344K, used 8044K [0x00000000c8800000, 0x0000000100000000)
  region size 1024K, 2 young (2048K), 2 survivors (2048K)
 Metaspace       used 5475K, committed 5696K, reserved 1114112K
  class space    used 727K, committed 832K, reserved 1048576K
}
Event: 12.151 GC heap before
{Heap before GC invocations=4 (full 0):
 garbage-first heap   total 57344K, used 36716K [0x00000000c8800000, 0x0000000100000000)
  region size 1024K, 31 young (31744K), 2 survivors (2048K)
 Metaspace       used 11295K, committed 11584K, reserved 1114112K
  class space    used 1661K, committed 1792K, reserved 1048576K
}
Event: 12.161 GC heap after
{Heap after GC invocations=5 (full 0):
 garbage-first heap   total 57344K, used 10065K [0x00000000c8800000, 0x0000000100000000)
  region size 1024K, 4 young (4096K), 4 survivors (4096K)
 Metaspace       used 11295K, committed 11584K, reserved 1114112K
  class space    used 1661K, committed 1792K, reserved 1048576K
}
Event: 15.260 GC heap before
{Heap before GC invocations=5 (full 0):
 garbage-first heap   total 57344K, used 36689K [0x00000000c8800000, 0x0000000100000000)
  region size 1024K, 31 young (31744K), 4 survivors (4096K)
 Metaspace       used 16133K, committed 16384K, reserved 1114112K
  class space    used 2235K, committed 2304K, reserved 1048576K
}
Event: 15.274 GC heap after
{Heap after GC invocations=6 (full 0):
 garbage-first heap   total 57344K, used 12220K [0x00000000c8800000, 0x0000000100000000)
  region size 1024K, 4 young (4096K), 4 survivors (4096K)
 Metaspace       used 16133K, committed 16384K, reserved 1114112K
  class space    used 2235K, committed 2304K, reserved 1048576K
}
Event: 17.390 GC heap before
{Heap before GC invocations=6 (full 0):
 garbage-first heap   total 57344K, used 39868K [0x00000000c8800000, 0x0000000100000000)
  region size 1024K, 31 young (31744K), 4 survivors (4096K)
 Metaspace       used 19361K, committed 19712K, reserved 1114112K
  class space    used 2700K, committed 2880K, reserved 1048576K
}
Event: 17.407 GC heap after
{Heap after GC invocations=7 (full 0):
 garbage-first heap   total 57344K, used 15137K [0x00000000c8800000, 0x0000000100000000)
  region size 1024K, 3 young (3072K), 3 survivors (3072K)
 Metaspace       used 19361K, committed 19712K, reserved 1114112K
  class space    used 2700K, committed 2880K, reserved 1048576K
}
Event: 18.331 GC heap before
{Heap before GC invocations=7 (full 0):
 garbage-first heap   total 57344K, used 31521K [0x00000000c8800000, 0x0000000100000000)
  region size 1024K, 20 young (20480K), 3 survivors (3072K)
 Metaspace       used 21203K, committed 21504K, reserved 1114112K
  class space    used 2964K, committed 3136K, reserved 1048576K
}
Event: 18.342 GC heap after
{Heap after GC invocations=8 (full 0):
 garbage-first heap   total 57344K, used 16602K [0x00000000c8800000, 0x0000000100000000)
  region size 1024K, 2 young (2048K), 2 survivors (2048K)
 Metaspace       used 21203K, committed 21504K, reserved 1114112K
  class space    used 2964K, committed 3136K, reserved 1048576K
}
Event: 19.951 GC heap before
{Heap before GC invocations=9 (full 0):
 garbage-first heap   total 57344K, used 42202K [0x00000000c8800000, 0x0000000100000000)
  region size 1024K, 27 young (27648K), 2 survivors (2048K)
 Metaspace       used 24166K, committed 24512K, reserved 1114112K
  class space    used 3441K, committed 3584K, reserved 1048576K
}
Event: 19.961 GC heap after
{Heap after GC invocations=10 (full 0):
 garbage-first heap   total 57344K, used 17986K [0x00000000c8800000, 0x0000000100000000)
  region size 1024K, 3 young (3072K), 3 survivors (3072K)
 Metaspace       used 24166K, committed 24512K, reserved 1114112K
  class space    used 3441K, committed 3584K, reserved 1048576K
}
Event: 21.834 GC heap before
{Heap before GC invocations=10 (full 0):
 garbage-first heap   total 57344K, used 42562K [0x00000000c8800000, 0x0000000100000000)
  region size 1024K, 28 young (28672K), 3 survivors (3072K)
 Metaspace       used 28339K, committed 28736K, reserved 1114112K
  class space    used 4029K, committed 4224K, reserved 1048576K
}
Event: 21.849 GC heap after
{Heap after GC invocations=11 (full 0):
 garbage-first heap   total 57344K, used 20325K [0x00000000c8800000, 0x0000000100000000)
  region size 1024K, 4 young (4096K), 4 survivors (4096K)
 Metaspace       used 28339K, committed 28736K, reserved 1114112K
  class space    used 4029K, committed 4224K, reserved 1048576K
}
Event: 23.483 GC heap before
{Heap before GC invocations=11 (full 0):
 garbage-first heap   total 57344K, used 43877K [0x00000000c8800000, 0x0000000100000000)
  region size 1024K, 27 young (27648K), 4 survivors (4096K)
 Metaspace       used 31973K, committed 32384K, reserved 1114112K
  class space    used 4547K, committed 4736K, reserved 1048576K
}
Event: 23.500 GC heap after
{Heap after GC invocations=12 (full 0):
 garbage-first heap   total 57344K, used 21549K [0x00000000c8800000, 0x0000000100000000)
  region size 1024K, 2 young (2048K), 2 survivors (2048K)
 Metaspace       used 31973K, committed 32384K, reserved 1114112K
  class space    used 4547K, committed 4736K, reserved 1048576K
}
Event: 24.523 GC heap before
{Heap before GC invocations=12 (full 0):
 garbage-first heap   total 57344K, used 37933K [0x00000000c8800000, 0x0000000100000000)
  region size 1024K, 19 young (19456K), 2 survivors (2048K)
 Metaspace       used 35561K, committed 35968K, reserved 1114112K
  class space    used 5112K, committed 5312K, reserved 1048576K
}
Event: 24.530 GC heap after
{Heap after GC invocations=13 (full 0):
 garbage-first heap   total 57344K, used 22562K [0x00000000c8800000, 0x0000000100000000)
  region size 1024K, 3 young (3072K), 3 survivors (3072K)
 Metaspace       used 35561K, committed 35968K, reserved 1114112K
  class space    used 5112K, committed 5312K, reserved 1048576K
}

